2025-11-26 14:06:24,766 - __main__ - INFO -  Módulo de Entrada inicializado
2025-11-26 14:06:24,767 - processing_module - INFO - Inicializando componentes del sistema híbrido...
2025-11-26 14:06:24,768 - fuzzy_system - INFO - Construyendo sistema de inferencia difuso...
2025-11-26 14:06:24,838 - fuzzy_system - INFO - Sistema difuso construido con 15 reglas
2025-11-26 14:06:24,915 - feature_engineering - INFO - Transformers cargados desde: D:\ARCHIVOS SM\Sistemas Inteligentes\ProyectoFinal\models\encoders.pkl
2025-11-26 14:06:25,054 - ml_model - INFO - Modelo cargado desde: D:\ARCHIVOS SM\Sistemas Inteligentes\ProyectoFinal\models\modelo_xgboost.pkl
2025-11-26 14:06:25,068 - __main__ - INFO -  Módulo de Procesamiento inicializado
2025-11-26 14:06:25,069 - __main__ - INFO -  Módulo de Salida inicializado
2025-11-26 14:06:25,076 - feedback_module - INFO - Archivo de feedback inicializado: D:\ARCHIVOS SM\Sistemas Inteligentes\ProyectoFinal\logs\feedback_log.csv
2025-11-26 14:06:25,077 - __main__ - INFO -  Módulo de Feedback inicializado
2025-11-26 14:09:07,419 - processing_module - INFO -  FASE 1: Evaluando con sistema difuso...
2025-11-26 14:09:07,480 - processing_module - ERROR - Error en procesamiento: DataFrame.dtypes for data must be int, float, bool or category. When categorical type is supplied, the experimental DMatrix parameter`enable_categorical` must be set to `True`.  Invalid columns:EstadoCivil: object
2025-11-26 14:09:07,482 - __main__ - ERROR - Error en evaluación individual: DataFrame.dtypes for data must be int, float, bool or category. When categorical type is supplied, the experimental DMatrix parameter`enable_categorical` must be set to `True`.  Invalid columns:EstadoCivil: object
2025-11-26 14:30:27,572 - __main__ - INFO -  Módulo de Entrada inicializado
2025-11-26 14:30:27,572 - processing_module - INFO - Inicializando componentes del sistema híbrido...
2025-11-26 14:30:27,572 - fuzzy_system - INFO - Construyendo sistema de inferencia difuso...
2025-11-26 14:30:27,635 - fuzzy_system - INFO - Sistema difuso construido con 15 reglas
2025-11-26 14:30:27,636 - processing_module - INFO -  Sistema difuso inicializado
2025-11-26 14:30:27,639 - feature_engineering - INFO - Transformers cargados desde: D:\ARCHIVOS SM\Sistemas Inteligentes\ProyectoFinal\models\encoders.pkl
2025-11-26 14:30:27,641 - processing_module - INFO - Feature engineer cargado
2025-11-26 14:30:27,662 - ml_model - INFO - Modelo cargado desde: D:\ARCHIVOS SM\Sistemas Inteligentes\ProyectoFinal\models\modelo_xgboost.pkl
2025-11-26 14:30:27,663 - processing_module - INFO -  Modelo ML cargado
2025-11-26 14:30:27,664 - __main__ - INFO -  Módulo de Procesamiento inicializado
2025-11-26 14:30:27,665 - __main__ - INFO -  Módulo de Salida inicializado
2025-11-26 14:30:27,665 - __main__ - INFO -  Módulo de Feedback inicializado
2025-11-26 14:31:31,924 - processing_module - INFO -  FASE 1: Evaluando con sistema difuso...
2025-11-26 14:31:31,933 - processing_module - INFO -  Sistema difuso evaluado. Score promedio: 50.34/100
2025-11-26 14:31:31,935 - processing_module - INFO -  FASE 2: Preparando features para ML...
2025-11-26 14:31:31,937 - feature_engineering - INFO - Preparando features...
2025-11-26 14:31:31,942 - processing_module - WARNING - Error en feature engineering, intentando recuperacion manual: The feature names should match those that were passed during fit.
Feature names seen at fit time, yet now missing:
- AtrasoMaximo_202309FM
- DiasVencido_202309FM
- IdDestinoCredito
- IdOficinaDesembolso
- NivelInstruccion
- ...

2025-11-26 14:31:31,944 - processing_module - ERROR - Error en procesamiento: 'FeatureEngineer' object has no attribute 'selected_features'
2025-11-26 14:31:31,946 - __main__ - ERROR - Error en evaluación individual: 'FeatureEngineer' object has no attribute 'selected_features'
2025-11-26 14:41:25,220 - __main__ - INFO -  Módulo de Entrada inicializado
2025-11-26 14:41:25,221 - processing_module - INFO - Inicializando componentes del sistema híbrido...
2025-11-26 14:41:25,221 - fuzzy_system - INFO - Construyendo sistema de inferencia difuso...
2025-11-26 14:41:25,283 - fuzzy_system - INFO - Sistema difuso construido con 15 reglas
2025-11-26 14:41:25,284 - processing_module - INFO -  Sistema difuso inicializado
2025-11-26 14:41:25,285 - feature_engineering - INFO - Transformers cargados desde: D:\ARCHIVOS SM\Sistemas Inteligentes\ProyectoFinal\models\encoders.pkl
2025-11-26 14:41:25,286 - processing_module - INFO - Feature engineer cargado
2025-11-26 14:41:25,306 - ml_model - INFO - Modelo cargado desde: D:\ARCHIVOS SM\Sistemas Inteligentes\ProyectoFinal\models\modelo_xgboost.pkl
2025-11-26 14:41:25,308 - processing_module - INFO -  Modelo ML cargado
2025-11-26 14:41:25,308 - __main__ - INFO -  Módulo de Procesamiento inicializado
2025-11-26 14:41:25,309 - __main__ - INFO -  Módulo de Salida inicializado
2025-11-26 14:41:25,309 - __main__ - INFO -  Módulo de Feedback inicializado
2025-11-26 14:42:33,568 - processing_module - INFO -  FASE 1: Evaluando con sistema difuso...
2025-11-26 14:42:33,576 - processing_module - INFO -  Sistema difuso evaluado. Score promedio: 50.34/100
2025-11-26 14:42:33,578 - processing_module - INFO -  FASE 2: Preparando features para ML...
2025-11-26 14:42:33,581 - feature_engineering - INFO - Preparando features...
2025-11-26 14:42:33,585 - processing_module - WARNING - Error en feature engineering, intentando recuperacion manual: The feature names should match those that were passed during fit.
Feature names seen at fit time, yet now missing:
- AtrasoMaximo_202309FM
- DiasVencido_202309FM
- IdDestinoCredito
- IdOficinaDesembolso
- NivelInstruccion
- ...

2025-11-26 14:42:33,587 - processing_module - ERROR - Error en procesamiento: 'FeatureEngineer' object has no attribute 'selected_features'
2025-11-26 14:42:33,589 - __main__ - ERROR - Error en evaluación individual: 'FeatureEngineer' object has no attribute 'selected_features'
2025-11-26 14:44:33,611 - __main__ - INFO -  Módulo de Entrada inicializado
2025-11-26 14:44:33,611 - processing_module - INFO - Inicializando componentes del sistema hibrido...
2025-11-26 14:44:33,612 - fuzzy_system - INFO - Construyendo sistema de inferencia difuso...
2025-11-26 14:44:33,665 - fuzzy_system - INFO - Sistema difuso construido con 15 reglas
2025-11-26 14:44:33,668 - processing_module - INFO - Sistema difuso inicializado
2025-11-26 14:44:33,670 - feature_engineering - INFO - Transformers cargados desde: D:\ARCHIVOS SM\Sistemas Inteligentes\ProyectoFinal\models\encoders.pkl
2025-11-26 14:44:33,671 - processing_module - INFO - Feature engineer cargado
2025-11-26 14:44:33,694 - ml_model - INFO - Modelo cargado desde: D:\ARCHIVOS SM\Sistemas Inteligentes\ProyectoFinal\models\modelo_xgboost.pkl
2025-11-26 14:44:33,695 - processing_module - INFO - Modelo ML cargado
2025-11-26 14:44:33,695 - __main__ - INFO -  Módulo de Procesamiento inicializado
2025-11-26 14:44:33,696 - __main__ - INFO -  Módulo de Salida inicializado
2025-11-26 14:44:33,697 - __main__ - INFO -  Módulo de Feedback inicializado
2025-11-26 14:46:00,442 - processing_module - INFO - FASE 1: Evaluando con sistema difuso...
2025-11-26 14:46:00,448 - processing_module - INFO - Sistema difuso evaluado. Score promedio: 50.34/100
2025-11-26 14:46:00,453 - processing_module - INFO - FASE 2: Preparando features para ML...
2025-11-26 14:46:00,455 - feature_engineering - INFO - Preparando features...
2025-11-26 14:46:00,458 - processing_module - WARNING - Advertencia en transformacion (esperado en prediccion): The feature names should match those that were passed during fit.
Feature names seen at fit time, yet now missing:
- AtrasoMaximo_202309FM
- DiasVencido_202309FM
- IdDestinoCredito
- IdOficinaDesembolso
- NivelInstruccion
- ...

2025-11-26 14:46:00,461 - processing_module - INFO - Detectadas 1 columnas de texto. Codificando...
2025-11-26 14:46:00,464 - processing_module - INFO -  -> Columna 'EstadoCivil' convertida a numeros.
2025-11-26 14:46:00,465 - processing_module - INFO - Features preparadas: 20 variables
2025-11-26 14:46:00,465 - processing_module - INFO - FASE 3: Clasificando con modelo ML...
2025-11-26 14:46:00,470 - processing_module - ERROR - Error en procesamiento: feature_names mismatch: ['score_riesgo_difuso', 'PlazoReal', 'monto', 'TasaEfectiva', 'SalarioNormalizado', 'EdadDesembolsoNormalizada', 'Dependientes', 'iAntiguedadBancarizado', 'ScoreOriginacionMicro', 'Score_Sobreendeudamiento', 'MaxMontoInterno', 'Bal_TotalActivosNormalizado', 'NetoIngresosNegocioNormalizado', 'LiquidezDisponibleNormalizado', 'EstadoCivil', 'Sexo', 'NivelInstruccion', 'SegmentoCartera', 'apoyogobierno', 'covid_intensity', 'temperatura_anomalia', 'EstadoCivil_encoded', 'riesgo_triclase_encoded'] ['score_riesgo_difuso', 'PlazoReal', 'monto', 'TasaEfectiva', 'SalarioNormalizado', 'EdadDesembolsoNormalizada', 'Dependientes', 'iAntiguedadBancarizado', 'ScoreOriginacionMicro', 'Score_Sobreendeudamiento', 'MaxMontoInterno', 'Bal_TotalActivosNormalizado', 'NetoIngresosNegocioNormalizado', 'LiquidezDisponibleNormalizado', 'EstadoCivil', 'Sexo', 'SegmentoCartera', 'apoyogobierno', 'covid_intensity', 'temperatura_anomalia']
expected NivelInstruccion, EstadoCivil_encoded, riesgo_triclase_encoded in input data
2025-11-26 14:46:00,474 - __main__ - ERROR - Error en evaluación individual: feature_names mismatch: ['score_riesgo_difuso', 'PlazoReal', 'monto', 'TasaEfectiva', 'SalarioNormalizado', 'EdadDesembolsoNormalizada', 'Dependientes', 'iAntiguedadBancarizado', 'ScoreOriginacionMicro', 'Score_Sobreendeudamiento', 'MaxMontoInterno', 'Bal_TotalActivosNormalizado', 'NetoIngresosNegocioNormalizado', 'LiquidezDisponibleNormalizado', 'EstadoCivil', 'Sexo', 'NivelInstruccion', 'SegmentoCartera', 'apoyogobierno', 'covid_intensity', 'temperatura_anomalia', 'EstadoCivil_encoded', 'riesgo_triclase_encoded'] ['score_riesgo_difuso', 'PlazoReal', 'monto', 'TasaEfectiva', 'SalarioNormalizado', 'EdadDesembolsoNormalizada', 'Dependientes', 'iAntiguedadBancarizado', 'ScoreOriginacionMicro', 'Score_Sobreendeudamiento', 'MaxMontoInterno', 'Bal_TotalActivosNormalizado', 'NetoIngresosNegocioNormalizado', 'LiquidezDisponibleNormalizado', 'EstadoCivil', 'Sexo', 'SegmentoCartera', 'apoyogobierno', 'covid_intensity', 'temperatura_anomalia']
expected NivelInstruccion, EstadoCivil_encoded, riesgo_triclase_encoded in input data
2025-11-26 14:54:40,677 - __main__ - INFO -  Módulo de Entrada inicializado
2025-11-26 14:54:40,677 - processing_module - INFO - Inicializando componentes del sistema hibrido...
2025-11-26 14:54:40,678 - fuzzy_system - INFO - Construyendo sistema de inferencia difuso...
2025-11-26 14:54:40,729 - fuzzy_system - INFO - Sistema difuso construido con 15 reglas
2025-11-26 14:54:40,730 - processing_module - INFO - Sistema difuso inicializado
2025-11-26 14:54:40,734 - feature_engineering - INFO - Transformers cargados desde: D:\ARCHIVOS SM\Sistemas Inteligentes\ProyectoFinal\models\encoders.pkl
2025-11-26 14:54:40,735 - processing_module - INFO - Feature engineer cargado
2025-11-26 14:54:40,758 - ml_model - INFO - Modelo cargado desde: D:\ARCHIVOS SM\Sistemas Inteligentes\ProyectoFinal\models\modelo_xgboost.pkl
2025-11-26 14:54:40,759 - processing_module - INFO - Modelo ML cargado
2025-11-26 14:54:40,760 - __main__ - INFO -  Módulo de Procesamiento inicializado
2025-11-26 14:54:40,761 - __main__ - INFO -  Módulo de Salida inicializado
2025-11-26 14:54:40,762 - __main__ - INFO -  Módulo de Feedback inicializado
2025-11-26 14:55:34,355 - processing_module - INFO - FASE 1: Evaluando con sistema difuso...
2025-11-26 14:55:34,368 - processing_module - INFO - Sistema difuso evaluado. Score promedio: 50.34/100
2025-11-26 14:55:34,370 - processing_module - INFO - FASE 2: Preparando features para ML...
2025-11-26 14:55:34,371 - feature_engineering - INFO - Preparando features...
2025-11-26 14:55:34,382 - processing_module - INFO - Features alineadas: 23 variables listas para XGBoost
2025-11-26 14:55:34,383 - processing_module - INFO - FASE 3: Clasificando con modelo ML...
2025-11-26 14:55:34,393 - processing_module - INFO - Clasificacion ML completada
2025-11-26 14:56:14,410 - output_module - INFO - Reporte generado: reporte_riesgo.txt
2025-11-26 14:56:43,414 - feedback_module - INFO - Feedback registrado: ID=EVAL_20251126145643, Correcto=True
2025-11-26 14:57:07,104 - input_module - ERROR - Archivo CSV no encontrado: 0
2025-11-26 15:04:58,747 - __main__ - INFO -  Módulo de Entrada inicializado
2025-11-26 15:04:58,747 - processing_module - INFO - Inicializando componentes del sistema hibrido...
2025-11-26 15:04:58,748 - fuzzy_system - INFO - Construyendo sistema de inferencia difuso...
2025-11-26 15:04:58,856 - fuzzy_system - INFO - Sistema difuso construido con 15 reglas
2025-11-26 15:04:58,856 - processing_module - INFO - Sistema difuso inicializado
2025-11-26 15:04:58,865 - feature_engineering - INFO - Transformers cargados desde: D:\ARCHIVOS SM\Sistemas Inteligentes\ProyectoFinal\models\encoders.pkl
2025-11-26 15:04:58,865 - processing_module - INFO - Feature engineer cargado
2025-11-26 15:04:58,900 - ml_model - INFO - Modelo cargado desde: D:\ARCHIVOS SM\Sistemas Inteligentes\ProyectoFinal\models\modelo_xgboost.pkl
2025-11-26 15:04:58,901 - processing_module - INFO - Modelo ML cargado
2025-11-26 15:04:58,902 - __main__ - INFO -  Módulo de Procesamiento inicializado
2025-11-26 15:04:58,903 - __main__ - INFO -  Módulo de Salida inicializado
2025-11-26 15:04:58,905 - __main__ - INFO -  Módulo de Feedback inicializado
2025-11-26 15:57:25,534 - processing_module - INFO - FASE 1: Evaluando con sistema difuso...
2025-11-26 15:57:25,543 - processing_module - INFO - Sistema difuso evaluado. Score promedio: 45.53/100
2025-11-26 15:57:25,550 - processing_module - INFO - FASE 2: Preparando features para ML...
2025-11-26 15:57:25,552 - feature_engineering - INFO - Preparando features...
2025-11-26 15:57:25,560 - processing_module - INFO - Features alineadas: 23 variables listas para XGBoost
2025-11-26 15:57:25,560 - processing_module - INFO - FASE 3: Clasificando con modelo ML...
2025-11-26 15:57:25,575 - processing_module - INFO - Clasificacion ML completada
2025-11-26 15:58:18,625 - output_module - INFO - Reporte generado: reporte_riesgo.txt
2025-11-26 15:58:29,481 - feedback_module - INFO - Feedback registrado: ID=EVAL_20251126155829, Correcto=True
2025-11-26 15:59:43,618 - processing_module - INFO - FASE 1: Evaluando con sistema difuso...
2025-11-26 15:59:43,631 - processing_module - INFO - Sistema difuso evaluado. Score promedio: 65.45/100
2025-11-26 15:59:43,634 - processing_module - INFO - FASE 2: Preparando features para ML...
2025-11-26 15:59:43,634 - feature_engineering - INFO - Preparando features...
2025-11-26 15:59:43,639 - processing_module - INFO - Features alineadas: 23 variables listas para XGBoost
2025-11-26 15:59:43,639 - processing_module - INFO - FASE 3: Clasificando con modelo ML...
2025-11-26 15:59:43,651 - processing_module - INFO - Clasificacion ML completada
2025-11-26 17:15:53,885 - __main__ - INFO -  Módulo de Entrada inicializado
2025-11-26 17:15:53,885 - processing_module - INFO - Inicializando componentes del sistema hibrido...
2025-11-26 17:15:53,885 - fuzzy_system - INFO - Construyendo sistema de inferencia difuso...
2025-11-26 17:15:53,943 - fuzzy_system - INFO - Sistema difuso construido con 15 reglas
2025-11-26 17:15:53,943 - processing_module - INFO - Sistema difuso inicializado
2025-11-26 17:15:53,970 - feature_engineering - INFO - Transformers cargados desde: D:\ARCHIVOS SM\Sistemas Inteligentes\ProyectoFinal\models\encoders.pkl
2025-11-26 17:15:53,970 - processing_module - INFO - Feature engineer cargado
2025-11-26 17:15:54,175 - ml_model - INFO - Modelo cargado desde: D:\ARCHIVOS SM\Sistemas Inteligentes\ProyectoFinal\models\modelo_xgboost.pkl
2025-11-26 17:15:54,183 - processing_module - INFO - Modelo ML cargado
2025-11-26 17:15:54,183 - __main__ - INFO -  Módulo de Procesamiento inicializado
2025-11-26 17:15:54,183 - __main__ - INFO -  Módulo de Salida inicializado
2025-11-26 17:15:54,183 - __main__ - INFO -  Módulo de Feedback inicializado
2025-11-26 17:17:11,528 - processing_module - INFO - FASE 1: Evaluando con sistema difuso...
2025-11-26 17:17:11,541 - processing_module - INFO - Sistema difuso evaluado. Score promedio: 65.45/100
2025-11-26 17:17:11,541 - processing_module - INFO - FASE 2: Preparando features para ML...
2025-11-26 17:17:11,541 - feature_engineering - INFO - Preparando features...
2025-11-26 17:17:11,559 - processing_module - INFO - Features alineadas: 23 variables listas para XGBoost
2025-11-26 17:17:11,562 - processing_module - INFO - FASE 3: Clasificando con modelo ML...
2025-11-26 17:17:11,576 - processing_module - INFO - Clasificacion ML completada
2025-12-01 11:58:49,397 - __main__ - INFO -  Módulo de Entrada inicializado
2025-12-01 11:58:49,416 - processing_module - INFO - Inicializando componentes del sistema hibrido...
2025-12-01 11:58:49,416 - fuzzy_system - INFO - Construyendo sistema de inferencia difuso...
2025-12-01 11:58:49,474 - fuzzy_system - INFO - Sistema difuso construido con 15 reglas
2025-12-01 11:58:49,474 - processing_module - INFO - Sistema difuso inicializado
2025-12-01 11:58:49,507 - feature_engineering - INFO - Transformers cargados desde: D:\ARCHIVOS SM\Sistemas Inteligentes\ProyectoFinal\models\encoders.pkl
2025-12-01 11:58:49,507 - processing_module - INFO - Feature engineer cargado
2025-12-01 11:58:49,679 - ml_model - INFO - Modelo cargado desde: D:\ARCHIVOS SM\Sistemas Inteligentes\ProyectoFinal\models\modelo_xgboost.pkl
2025-12-01 11:58:49,679 - processing_module - INFO - Modelo ML cargado
2025-12-01 11:58:49,679 - __main__ - INFO -  Módulo de Procesamiento inicializado
2025-12-01 11:58:49,679 - __main__ - INFO -  Módulo de Salida inicializado
2025-12-01 11:58:49,687 - __main__ - INFO -  Módulo de Feedback inicializado
2025-12-10 13:46:45,670 - __main__ - INFO -  Módulo de Entrada inicializado
2025-12-10 13:46:45,684 - processing_module - INFO - Inicializando componentes del sistema hibrido...
2025-12-10 13:46:45,684 - fuzzy_system - INFO - Construyendo sistema de inferencia difuso...
2025-12-10 13:46:45,740 - fuzzy_system - INFO - Sistema difuso construido con 15 reglas
2025-12-10 13:46:45,740 - processing_module - INFO - Sistema difuso inicializado
2025-12-10 13:46:45,770 - feature_engineering - INFO - Transformers cargados desde: D:\ARCHIVOS SM\Sistemas Inteligentes\ProyectoFinal\models\encoders.pkl
2025-12-10 13:46:45,770 - processing_module - INFO - Feature engineer cargado
2025-12-10 13:46:45,920 - ml_model - INFO - Modelo cargado desde: D:\ARCHIVOS SM\Sistemas Inteligentes\ProyectoFinal\models\modelo_xgboost.pkl
2025-12-10 13:46:45,929 - processing_module - INFO - Modelo ML cargado
2025-12-10 13:46:45,929 - __main__ - INFO -  Módulo de Procesamiento inicializado
2025-12-10 13:46:45,929 - __main__ - INFO -  Módulo de Salida inicializado
2025-12-10 13:46:45,929 - __main__ - INFO -  Módulo de Feedback inicializado
2025-12-10 14:03:38,250 - processing_module - INFO - FASE 1: Evaluando con sistema difuso...
2025-12-10 14:03:38,262 - processing_module - INFO - Sistema difuso evaluado. Score promedio: 65.45/100
2025-12-10 14:03:38,262 - processing_module - INFO - FASE 2: Preparando features para ML...
2025-12-10 14:03:38,262 - feature_engineering - INFO - Preparando features...
2025-12-10 14:03:38,273 - processing_module - INFO - Features alineadas: 22 variables listas para XGBoost
2025-12-10 14:03:38,273 - processing_module - INFO - FASE 3: Clasificando con modelo ML...
2025-12-10 14:03:38,293 - processing_module - INFO - Clasificacion ML completada
2025-12-10 14:05:38,804 - output_module - INFO - Reporte generado: reporte_riesgo.txt
2025-12-10 14:10:01,025 - processing_module - INFO - FASE 1: Evaluando con sistema difuso...
2025-12-10 14:10:01,038 - processing_module - INFO - Sistema difuso evaluado. Score promedio: 74.95/100
2025-12-10 14:10:01,042 - processing_module - INFO - FASE 2: Preparando features para ML...
2025-12-10 14:10:01,044 - feature_engineering - INFO - Preparando features...
2025-12-10 14:10:01,056 - processing_module - INFO - Features alineadas: 22 variables listas para XGBoost
2025-12-10 14:10:01,059 - processing_module - INFO - FASE 3: Clasificando con modelo ML...
2025-12-10 14:10:01,068 - processing_module - INFO - Clasificacion ML completada
2025-12-10 14:11:15,907 - output_module - INFO - Reporte generado: reporte_riesgo.txt
2025-12-10 15:24:40,041 - __main__ - INFO -  Módulo de Entrada inicializado
2025-12-10 15:24:40,041 - processing_module - INFO - Inicializando componentes del sistema hibrido...
2025-12-10 15:24:40,041 - fuzzy_system - INFO - Construyendo sistema de inferencia difuso...
2025-12-10 15:24:40,106 - fuzzy_system - INFO - Sistema difuso construido con 15 reglas
2025-12-10 15:24:40,111 - processing_module - INFO - Sistema difuso inicializado
2025-12-10 15:24:40,113 - feature_engineering - INFO - Transformers cargados desde: D:\ARCHIVOS SM\Sistemas Inteligentes\ProyectoFinal\models\encoders.pkl
2025-12-10 15:24:40,115 - processing_module - INFO - Feature engineer cargado
2025-12-10 15:24:40,154 - ml_model - INFO - Modelo cargado desde: D:\ARCHIVOS SM\Sistemas Inteligentes\ProyectoFinal\models\modelo_xgboost.pkl
2025-12-10 15:24:40,154 - processing_module - INFO - Modelo ML cargado
2025-12-10 15:24:40,154 - __main__ - INFO -  Módulo de Procesamiento inicializado
2025-12-10 15:24:40,154 - __main__ - INFO -  Módulo de Salida inicializado
2025-12-10 15:24:40,154 - __main__ - INFO -  Módulo de Feedback inicializado
2025-12-10 15:27:11,803 - processing_module - INFO - FASE 1: Evaluando con sistema difuso...
2025-12-10 15:27:11,811 - processing_module - INFO - Sistema difuso evaluado. Score promedio: 94.58/100
2025-12-10 15:27:11,811 - processing_module - INFO - FASE 2: Preparando features para ML...
2025-12-10 15:27:11,814 - feature_engineering - INFO - Preparando features...
2025-12-10 15:27:11,824 - processing_module - INFO - Features alineadas: 22 variables listas para XGBoost
2025-12-10 15:27:11,825 - processing_module - INFO - FASE 3: Clasificando con modelo ML...
2025-12-10 15:27:11,846 - processing_module - INFO - Clasificacion ML completada
2025-12-10 15:28:29,273 - processing_module - INFO - FASE 1: Evaluando con sistema difuso...
2025-12-10 15:28:29,277 - processing_module - INFO - Sistema difuso evaluado. Score promedio: 94.58/100
2025-12-10 15:28:29,278 - processing_module - INFO - FASE 2: Preparando features para ML...
2025-12-10 15:28:29,280 - feature_engineering - INFO - Preparando features...
2025-12-10 15:28:29,289 - processing_module - INFO - Features alineadas: 22 variables listas para XGBoost
2025-12-10 15:28:29,289 - processing_module - INFO - FASE 3: Clasificando con modelo ML...
2025-12-10 15:28:29,289 - processing_module - INFO - Clasificacion ML completada
2025-12-10 15:32:43,215 - processing_module - INFO - FASE 1: Evaluando con sistema difuso...
2025-12-10 15:32:43,218 - processing_module - INFO - Sistema difuso evaluado. Score promedio: 94.58/100
2025-12-10 15:32:43,219 - processing_module - INFO - FASE 2: Preparando features para ML...
2025-12-10 15:32:43,219 - feature_engineering - INFO - Preparando features...
2025-12-10 15:32:43,233 - processing_module - INFO - Features alineadas: 22 variables listas para XGBoost
2025-12-10 15:32:43,233 - processing_module - INFO - FASE 3: Clasificando con modelo ML...
2025-12-10 15:32:43,241 - processing_module - INFO - Clasificacion ML completada
2025-12-10 15:40:01,413 - __main__ - INFO -  Módulo de Entrada inicializado
2025-12-10 15:40:01,413 - processing_module - INFO - Inicializando componentes del sistema hibrido...
2025-12-10 15:40:01,413 - fuzzy_system - INFO - Construyendo sistema de inferencia difuso...
2025-12-10 15:40:01,479 - fuzzy_system - INFO - Sistema difuso construido con 15 reglas
2025-12-10 15:40:01,480 - processing_module - INFO - Sistema difuso inicializado
2025-12-10 15:40:01,506 - feature_engineering - INFO - Transformers cargados desde: D:\ARCHIVOS SM\Sistemas Inteligentes\ProyectoFinal\models\encoders.pkl
2025-12-10 15:40:01,506 - processing_module - INFO - Feature engineer cargado
2025-12-10 15:40:01,628 - ml_model - INFO - Modelo cargado desde: D:\ARCHIVOS SM\Sistemas Inteligentes\ProyectoFinal\models\modelo_xgboost.pkl
2025-12-10 15:40:01,641 - processing_module - INFO - Modelo ML cargado
2025-12-10 15:40:01,642 - __main__ - INFO -  Módulo de Procesamiento inicializado
2025-12-10 15:40:01,643 - __main__ - INFO -  Módulo de Salida inicializado
2025-12-10 15:40:01,643 - __main__ - INFO -  Módulo de Feedback inicializado
2025-12-10 15:41:31,966 - processing_module - INFO - FASE 1: Evaluando con sistema difuso...
2025-12-10 15:41:31,966 - processing_module - INFO - Sistema difuso evaluado. Score promedio: 94.58/100
2025-12-10 15:41:31,974 - processing_module - INFO - FASE 2: Preparando features para ML...
2025-12-10 15:41:31,976 - feature_engineering - INFO - Preparando features...
2025-12-10 15:41:31,984 - processing_module - INFO - Features alineadas: 21 variables listas para XGBoost
2025-12-10 15:41:31,990 - processing_module - INFO - FASE 3: Clasificando con modelo ML...
2025-12-10 15:41:32,002 - processing_module - INFO - Clasificacion ML completada
2025-12-10 15:43:52,831 - output_module - INFO - Reporte generado: reporte_riesgo.txt
2025-12-10 15:44:02,051 - feedback_module - INFO - Feedback registrado: ID=EVAL_20251210154402, Correcto=True
2025-12-10 15:46:54,326 - processing_module - INFO - FASE 1: Evaluando con sistema difuso...
2025-12-10 15:46:54,345 - processing_module - INFO - Sistema difuso evaluado. Score promedio: 55.00/100
2025-12-10 15:46:54,345 - processing_module - INFO - FASE 2: Preparando features para ML...
2025-12-10 15:46:54,345 - feature_engineering - INFO - Preparando features...
2025-12-10 15:46:54,356 - processing_module - INFO - Features alineadas: 21 variables listas para XGBoost
2025-12-10 15:46:54,657 - processing_module - INFO - FASE 3: Clasificando con modelo ML...
2025-12-10 15:46:54,670 - processing_module - INFO - Clasificacion ML completada
2025-12-10 15:47:41,150 - feedback_module - INFO - Feedback registrado: ID=EVAL_20251210154741, Correcto=False
2025-12-10 15:54:33,264 - input_module - ERROR - Error en captura de datos: invalid literal for int() with base 10: ''
2025-12-10 15:55:15,754 - __main__ - INFO -  Módulo de Entrada inicializado
2025-12-10 15:55:15,755 - processing_module - INFO - Inicializando componentes del sistema hibrido...
2025-12-10 15:55:15,756 - fuzzy_system - INFO - Construyendo sistema de inferencia difuso...
2025-12-10 15:55:15,813 - fuzzy_system - INFO - Sistema difuso construido con 15 reglas
2025-12-10 15:55:15,814 - processing_module - INFO - Sistema difuso inicializado
2025-12-10 15:55:15,826 - feature_engineering - INFO - Transformers cargados desde: D:\ARCHIVOS SM\Sistemas Inteligentes\ProyectoFinal\models\encoders.pkl
2025-12-10 15:55:15,828 - processing_module - INFO - Feature engineer cargado
2025-12-10 15:55:15,889 - ml_model - INFO - Modelo cargado desde: D:\ARCHIVOS SM\Sistemas Inteligentes\ProyectoFinal\models\modelo_xgboost.pkl
2025-12-10 15:55:15,891 - processing_module - INFO - Modelo ML cargado
2025-12-10 15:55:15,891 - __main__ - INFO -  Módulo de Procesamiento inicializado
2025-12-10 15:55:15,892 - __main__ - INFO -  Módulo de Salida inicializado
2025-12-10 15:55:15,893 - __main__ - INFO -  Módulo de Feedback inicializado
2025-12-10 15:57:38,992 - processing_module - INFO - FASE 1: Evaluando con sistema difuso...
2025-12-10 15:57:39,003 - processing_module - INFO - Sistema difuso evaluado. Score promedio: 55.00/100
2025-12-10 15:57:39,005 - processing_module - INFO - FASE 2: Preparando features para ML...
2025-12-10 15:57:39,007 - feature_engineering - INFO - Preparando features...
2025-12-10 15:57:39,018 - processing_module - INFO - Features alineadas: 21 variables listas para XGBoost
2025-12-10 15:57:39,020 - processing_module - INFO - FASE 3: Clasificando con modelo ML...
2025-12-10 15:57:39,032 - processing_module - INFO - Clasificacion ML completada
2025-12-10 16:00:03,344 - processing_module - INFO - FASE 1: Evaluando con sistema difuso...
2025-12-10 16:00:03,354 - processing_module - INFO - Sistema difuso evaluado. Score promedio: 94.58/100
2025-12-10 16:00:03,355 - processing_module - INFO - FASE 2: Preparando features para ML...
2025-12-10 16:00:03,357 - feature_engineering - INFO - Preparando features...
2025-12-10 16:00:03,365 - processing_module - INFO - Features alineadas: 21 variables listas para XGBoost
2025-12-10 16:00:03,368 - processing_module - INFO - FASE 3: Clasificando con modelo ML...
2025-12-10 16:00:03,375 - processing_module - INFO - Clasificacion ML completada
2025-12-10 16:00:17,358 - output_module - INFO - Reporte generado: reporte_riesgo.txt
2025-12-10 16:00:22,868 - feedback_module - INFO - Feedback registrado: ID=EVAL_20251210160022, Correcto=True
2025-12-10 16:01:32,281 - processing_module - INFO - FASE 1: Evaluando con sistema difuso...
2025-12-10 16:01:32,291 - processing_module - INFO - Sistema difuso evaluado. Score promedio: 55.00/100
2025-12-10 16:01:32,292 - processing_module - INFO - FASE 2: Preparando features para ML...
2025-12-10 16:01:32,294 - feature_engineering - INFO - Preparando features...
2025-12-10 16:01:32,303 - processing_module - INFO - Features alineadas: 21 variables listas para XGBoost
2025-12-10 16:01:32,305 - processing_module - INFO - FASE 3: Clasificando con modelo ML...
2025-12-10 16:01:32,316 - processing_module - INFO - Clasificacion ML completada
2025-12-10 16:06:56,520 - input_module - ERROR - Error en captura de datos: invalid literal for int() with base 10: ''
2025-12-10 16:08:00,039 - processing_module - INFO - FASE 1: Evaluando con sistema difuso...
2025-12-10 16:08:00,041 - processing_module - INFO - Sistema difuso evaluado. Score promedio: 55.00/100
2025-12-10 16:08:00,042 - processing_module - INFO - FASE 2: Preparando features para ML...
2025-12-10 16:08:00,043 - feature_engineering - INFO - Preparando features...
2025-12-10 16:08:00,054 - processing_module - INFO - Features alineadas: 21 variables listas para XGBoost
2025-12-10 16:08:00,055 - processing_module - INFO - FASE 3: Clasificando con modelo ML...
2025-12-10 16:08:00,063 - processing_module - INFO - Clasificacion ML completada
2025-12-10 16:08:19,582 - __main__ - INFO -  Módulo de Entrada inicializado
2025-12-10 16:08:19,583 - processing_module - INFO - Inicializando componentes del sistema hibrido...
2025-12-10 16:08:19,583 - fuzzy_system - INFO - Construyendo sistema de inferencia difuso...
2025-12-10 16:08:19,636 - fuzzy_system - INFO - Sistema difuso construido con 15 reglas
2025-12-10 16:08:19,638 - processing_module - INFO - Sistema difuso inicializado
2025-12-10 16:08:19,641 - feature_engineering - INFO - Transformers cargados desde: D:\ARCHIVOS SM\Sistemas Inteligentes\ProyectoFinal\models\encoders.pkl
2025-12-10 16:08:19,643 - processing_module - INFO - Feature engineer cargado
2025-12-10 16:08:19,658 - ml_model - INFO - Modelo cargado desde: D:\ARCHIVOS SM\Sistemas Inteligentes\ProyectoFinal\models\modelo_xgboost.pkl
2025-12-10 16:08:19,659 - processing_module - INFO - Modelo ML cargado
2025-12-10 16:08:19,660 - __main__ - INFO -  Módulo de Procesamiento inicializado
2025-12-10 16:08:19,661 - __main__ - INFO -  Módulo de Salida inicializado
2025-12-10 16:08:19,661 - __main__ - INFO -  Módulo de Feedback inicializado
2025-12-10 16:09:12,627 - processing_module - INFO - FASE 1: Evaluando con sistema difuso...
2025-12-10 16:09:12,644 - processing_module - INFO - Sistema difuso evaluado. Score promedio: 55.00/100
2025-12-10 16:09:12,646 - processing_module - INFO - FASE 2: Preparando features para ML...
2025-12-10 16:09:12,647 - feature_engineering - INFO - Preparando features...
2025-12-10 16:09:12,663 - processing_module - INFO - Features alineadas: 21 variables listas para XGBoost
2025-12-10 16:09:12,664 - processing_module - INFO - FASE 3: Clasificando con modelo ML...
2025-12-10 16:09:12,676 - processing_module - INFO - Clasificacion ML completada
2025-12-10 16:10:13,873 - output_module - INFO - Reporte generado: reporte_riesgo.txt
2025-12-10 16:10:19,249 - feedback_module - INFO - Feedback registrado: ID=EVAL_20251210161019, Correcto=True
